wkuikit/build/intermediates/manifest_merge_blame_file/release/manifest-merger-blame-release-report.txt
1<?xml version="1.0" encoding="utf-8"?>
2<manifest xmlns:android="http://schemas.android.com/apk/res/android"
3    package="com.chat.uikit" >
4
5    <uses-sdk android:minSdkVersion="23" />
5-->src/main/AndroidManifest.xml
6
7    <uses-permission android:name="android.permission.VIBRATE" />
7-->src/main/AndroidManifest.xml:3:5-66
7-->src/main/AndroidManifest.xml:3:22-63
8
9    <application>
9-->src/main/AndroidManifest.xml:4:5-64:19
10        <activity
10-->src/main/AndroidManifest.xml:5:9-9:59
11            android:name="com.chat.uikit.chat.ChatActivity"
11-->src/main/AndroidManifest.xml:6:13-46
12            android:configChanges="locale|orientation|screenSize|keyboardHidden|navigation"
12-->src/main/AndroidManifest.xml:7:13-92
13            android:screenOrientation="portrait"
13-->src/main/AndroidManifest.xml:8:13-49
14            android:windowSoftInputMode="adjustNothing" />
14-->src/main/AndroidManifest.xml:9:13-56
15        <activity android:name="com.chat.uikit.group.DeleteGroupMemberActivity" />
15-->src/main/AndroidManifest.xml:10:9-69
15-->src/main/AndroidManifest.xml:10:19-66
16        <activity
16-->src/main/AndroidManifest.xml:11:9-13:58
17            android:name="com.chat.uikit.group.GroupNoticeActivity"
17-->src/main/AndroidManifest.xml:12:13-54
18            android:windowSoftInputMode="adjustResize" />
18-->src/main/AndroidManifest.xml:13:13-55
19        <activity android:name="com.chat.uikit.group.GroupDetailActivity" />
19-->src/main/AndroidManifest.xml:14:9-63
19-->src/main/AndroidManifest.xml:14:19-60
20        <activity android:name="com.chat.uikit.group.SavedGroupsActivity" />
20-->src/main/AndroidManifest.xml:15:9-63
20-->src/main/AndroidManifest.xml:15:19-60
21        <activity android:name="com.chat.uikit.group.UpdateGroupNameActivity" />
21-->src/main/AndroidManifest.xml:16:9-67
21-->src/main/AndroidManifest.xml:16:19-64
22        <activity
22-->src/main/AndroidManifest.xml:17:9-19:67
23            android:name="com.chat.uikit.chat.ChooseChatActivity"
23-->src/main/AndroidManifest.xml:18:13-52
24            android:windowSoftInputMode="adjustPan|stateHidden" />
24-->src/main/AndroidManifest.xml:19:13-64
25        <activity android:name="com.chat.uikit.search.SearchUserActivity" />
25-->src/main/AndroidManifest.xml:20:9-63
25-->src/main/AndroidManifest.xml:20:19-60
26        <activity android:name="com.chat.uikit.chat.ChatPersonalActivity" />
26-->src/main/AndroidManifest.xml:21:9-63
26-->src/main/AndroidManifest.xml:21:19-60
27        <activity
27-->src/main/AndroidManifest.xml:22:9-24:67
28            android:name="com.chat.uikit.contacts.ChooseContactsActivity"
28-->src/main/AndroidManifest.xml:23:13-60
29            android:windowSoftInputMode="adjustPan|stateHidden" />
29-->src/main/AndroidManifest.xml:24:13-64
30        <activity
30-->src/main/AndroidManifest.xml:25:9-28:47
31            android:name="com.chat.uikit.TabActivity"
31-->src/main/AndroidManifest.xml:26:13-40
32            android:launchMode="singleTask"
32-->src/main/AndroidManifest.xml:28:13-44
33            android:screenOrientation="portrait" />
33-->src/main/AndroidManifest.xml:27:13-49
34        <activity android:name="com.chat.uikit.contacts.NewFriendsActivity" />
34-->src/main/AndroidManifest.xml:29:9-65
34-->src/main/AndroidManifest.xml:29:19-62
35        <activity android:name="com.chat.uikit.setting.SettingActivity" />
35-->src/main/AndroidManifest.xml:30:9-61
35-->src/main/AndroidManifest.xml:30:19-58
36        <activity android:name="com.chat.uikit.group.GroupQrActivity" />
36-->src/main/AndroidManifest.xml:31:9-59
36-->src/main/AndroidManifest.xml:31:19-56
37        <activity android:name="com.chat.uikit.search.SearchAllActivity" />
37-->src/main/AndroidManifest.xml:32:9-62
37-->src/main/AndroidManifest.xml:32:19-59
38        <activity android:name="com.chat.uikit.user.MyInfoActivity" />
38-->src/main/AndroidManifest.xml:33:9-57
38-->src/main/AndroidManifest.xml:33:19-54
39        <activity android:name="com.chat.uikit.user.UserQrActivity" />
39-->src/main/AndroidManifest.xml:34:9-57
39-->src/main/AndroidManifest.xml:34:19-54
40        <activity android:name="com.chat.uikit.user.MyHeadPortraitActivity" />
40-->src/main/AndroidManifest.xml:35:9-65
40-->src/main/AndroidManifest.xml:35:19-62
41        <activity android:name="com.chat.uikit.setting.MsgNoticesSettingActivity" />
41-->src/main/AndroidManifest.xml:36:9-71
41-->src/main/AndroidManifest.xml:36:19-68
42        <activity
42-->src/main/AndroidManifest.xml:37:9-39:47
43            android:name="com.chat.uikit.user.UserDetailActivity"
43-->src/main/AndroidManifest.xml:38:13-52
44            android:launchMode="singleTask" />
44-->src/main/AndroidManifest.xml:39:13-44
45        <activity android:name="com.chat.uikit.user.UpdateUserInfoActivity" />
45-->src/main/AndroidManifest.xml:40:9-65
45-->src/main/AndroidManifest.xml:40:19-62
46        <activity android:name="com.chat.uikit.user.SetUserRemarkActivity" />
46-->src/main/AndroidManifest.xml:41:9-64
46-->src/main/AndroidManifest.xml:41:19-61
47        <activity android:name="com.chat.uikit.search.AddFriendsActivity" />
47-->src/main/AndroidManifest.xml:42:9-63
47-->src/main/AndroidManifest.xml:42:19-60
48        <activity android:name="com.chat.uikit.chat.PreviewNewImgActivity" />
48-->src/main/AndroidManifest.xml:43:9-64
48-->src/main/AndroidManifest.xml:43:19-61
49        <activity android:name="com.chat.uikit.search.SearchMsgResultActivity" />
49-->src/main/AndroidManifest.xml:44:9-68
49-->src/main/AndroidManifest.xml:44:19-65
50        <activity android:name="com.chat.uikit.chat.ChatMultiForwardDetailActivity" />
50-->src/main/AndroidManifest.xml:45:9-73
50-->src/main/AndroidManifest.xml:45:19-70
51        <activity android:name="com.chat.uikit.setting.WKThemeSettingActivity" />
51-->src/main/AndroidManifest.xml:46:9-68
51-->src/main/AndroidManifest.xml:46:19-65
52        <activity android:name="com.chat.uikit.setting.WKLanguageActivity" />
52-->src/main/AndroidManifest.xml:47:9-64
52-->src/main/AndroidManifest.xml:47:19-61
53        <activity android:name="com.chat.uikit.group.WKAllMembersActivity" />
53-->src/main/AndroidManifest.xml:48:9-64
53-->src/main/AndroidManifest.xml:48:19-61
54        <activity android:name="com.chat.uikit.user.WKFileHelperActivity" />
54-->src/main/AndroidManifest.xml:49:9-63
54-->src/main/AndroidManifest.xml:49:19-60
55        <activity android:name="com.chat.uikit.user.WKSystemTeamActivity" />
55-->src/main/AndroidManifest.xml:50:9-63
55-->src/main/AndroidManifest.xml:50:19-60
56        <activity android:name="com.chat.uikit.group.WKSetGroupRemarkActivity" />
56-->src/main/AndroidManifest.xml:51:9-68
56-->src/main/AndroidManifest.xml:51:19-65
57        <activity android:name="com.chat.uikit.setting.WKSetFontSizeActivity" />
57-->src/main/AndroidManifest.xml:52:9-67
57-->src/main/AndroidManifest.xml:52:19-64
58        <activity
58-->src/main/AndroidManifest.xml:53:9-55:67
59            android:name="com.chat.uikit.group.ChooseVideoCallMembersActivity"
59-->src/main/AndroidManifest.xml:54:13-65
60            android:windowSoftInputMode="adjustPan|stateHidden" />
60-->src/main/AndroidManifest.xml:55:13-64
61        <activity android:name="com.chat.uikit.setting.WKAboutActivity" />
61-->src/main/AndroidManifest.xml:56:9-61
61-->src/main/AndroidManifest.xml:56:19-58
62        <activity android:name="com.chat.uikit.search.MailListActivity" />
62-->src/main/AndroidManifest.xml:58:9-61
62-->src/main/AndroidManifest.xml:58:19-58
63        <activity android:name="com.chat.uikit.group.GroupHeaderActivity" />
63-->src/main/AndroidManifest.xml:59:9-63
63-->src/main/AndroidManifest.xml:59:19-60
64        <activity android:name="com.chat.uikit.message.BackupRestoreMessageActivity" />
64-->src/main/AndroidManifest.xml:60:9-74
64-->src/main/AndroidManifest.xml:60:19-71
65        <activity android:name="com.chat.uikit.setting.AppModulesActivity" />
65-->src/main/AndroidManifest.xml:61:9-64
65-->src/main/AndroidManifest.xml:61:19-61
66        <activity android:name="com.chat.uikit.setting.ErrorLogsActivity" />
66-->src/main/AndroidManifest.xml:62:9-63
66-->src/main/AndroidManifest.xml:62:19-60
67    </application>
68
69</manifest>